<?xml version="1.0" encoding="UTF-8"?>
<!-- Generated by org.testng.reporters.JUnitXMLReporter -->
<testsuite hostname="lenovo-t450" ignored="0" name="Example Test Case" tests="2" failures="0" timestamp="21 Nov 2019 06:20:02 GMT" time="0.08" errors="0">
  <testcase name="MethodB" time="0.021" classname="SkipExample.Example">
    <skipped/>
  </testcase> <!-- MethodB -->
  <testcase name="MethodA" time="0.0" classname="SkipExample.Example">
    <skipped/>
  </testcase> <!-- MethodA -->
</testsuite> <!-- Example Test Case -->
